2023-11-28 08:15:23 INFO Server started on port 8080
2023-11-28 08:15:25 INFO Database connection established
2023-11-28 08:16:10 INFO User login: alice (ID: 14523)
2023-11-28 08:16:45 WARNING High CPU usage detected: 92%
2023-11-28 08:17:03 INFO New connection from 192.168.1.105
2023-11-28 08:17:22 ERROR Failed to write to disk: Permission denied
2023-11-28 08:17:30 WARNING Memory usage above threshold: 87%
2023-11-28 08:18:15 INFO User logout: bob (ID: 18902)
2023-11-28 08:18:40 INFO Backup initiated for /var/data
2023-11-28 08:19:05 ERROR Database query timeout: SELECT * FROM users
2023-11-28 08:19:33 INFO Cache cleared: 1452 entries removed
2023-11-28 08:20:10 WARNING SSL certificate expires in 7 days
2023-11-28 08:20:45 INFO File upload completed: report.pdf (2.4MB)
2023-11-28 08:21:20 ERROR Payment processing failed: Invalid card
2023-11-28 08:21:55 INFO New user registered: charlie@example.com
2023-11-28 08:22:30 WARNING Slow database response: 4.2s
2023-11-28 08:23:05 INFO API request: GET /api/users
2023-11-28 08:23:40 ERROR External API unreachable: weather.service.com
2023-11-28 08:24:15 WARNING Disk space low: /var 15% remaining
2023-11-28 08:24:50 INFO Email sent: order confirmation #78901
2023-11-28 08:25:25 INFO User login: david (ID: 20345)
2023-11-28 08:26:00 ERROR File not found: /var/www/images/header.png
2023-11-28 08:26:35 WARNING Unusual activity detected from IP: 203.0.113.25
2023-11-28 08:27:10 INFO Data export completed: 12543 records
2023-11-28 08:27:45 ERROR SMTP server connection failed
2023-11-28 08:28:20 INFO Configuration reloaded successfully
2023-11-28 08:28:55 WARNING High network latency: 450ms
2023-11-28 08:29:30 INFO Database index rebuilt
2023-11-28 08:30:05 ERROR Failed to encrypt data: Invalid key
2023-11-28 08:30:40 INFO User profile updated: eve (ID: 15678)
2023-11-28 08:31:15 WARNING Cache miss rate high: 42%
2023-11-28 08:31:50 INFO System health check passed
2023-11-28 08:32:25 ERROR Can't bind to port 3306: Already in use
2023-11-28 08:33:00 INFO New subscription: monthly_pro
2023-11-28 08:33:35 WARNING High error rate in last hour: 15%
2023-11-28 08:34:10 INFO Password changed: user frank
2023-11-28 08:34:45 ERROR Disk write failure: sector 78032
2023-11-28 08:35:20 INFO Maintenance mode enabled
2023-11-28 08:35:55 WARNING Outdated library detected: openssl 1.0.2
2023-11-28 08:36:30 INFO Database vacuum completed
2023-11-28 08:37:05 ERROR User authentication failed (3 attempts)
2023-11-28 08:37:40 INFO Log rotation: app.log -> app.log.1
2023-11-28 08:38:15 WARNING High thread count: 245
2023-11-28 08:38:50 INFO Data sync with remote completed
2023-11-28 08:39:25 ERROR DNS resolution failed: api.stripe.com
2023-11-28 08:40:00 INFO New plugin installed: security_scanner
2023-11-28 08:40:35 WARNING Deprecated API called: /v1/users
2023-11-28 08:41:10 INFO Session expired: user grace
2023-11-28 08:41:45 ERROR RabbitMQ connection lost
2023-11-28 08:42:20 INFO Firewall rule added: block 10.0.0.42
2023-11-28 08:42:55 WARNING TLS 1.0 detected from client
2023-11-28 08:43:30 INFO Database migration started
2023-11-28 08:44:05 ERROR Invalid JSON received: Parsing error
2023-11-28 08:44:40 INFO User deleted: henry (ID: 17890)
2023-11-28 08:45:15 WARNING Process restart: worker-3
2023-11-28 08:45:50 INFO CDN cache purged
2023-11-28 08:46:25 ERROR File system read-only mounted
2023-11-28 08:47:00 INFO Two-factor authentication enabled
2023-11-28 08:47:35 WARNING High swap usage: 3.2GB
2023-11-28 08:48:10 INFO API rate limit increased to 1000/hr
2023-11-28 08:48:45 ERROR Backup failed: No space left on device
2023-11-28 08:49:20 INFO Compaction job completed
2023-11-28 08:49:55 WARNING Cross-site request detected
2023-11-28 08:50:30 INFO New API key generated: app_789XYZ
2023-11-28 08:51:05 ERROR Memory allocation failed: 2GB requested
2023-11-28 08:51:40 INFO Load balancer health check OK
2023-11-28 08:52:15 WARNING GPU temperature high: 85°C
2023-11-28 08:52:50 INFO Message queue processed: 12500 items
2023-11-28 08:53:25 ERROR WebSocket handshake failed
2023-11-28 08:54:00 INFO Security scan started
2023-11-28 08:54:35 WARNING Old browser detected: IE 11
2023-11-28 08:55:10 INFO Password reset requested: isaac@domain.com
2023-11-28 08:55:45 ERROR Database deadlock detected
2023-11-28 08:56:20 INFO Cluster node joined: node-4
2023-11-28 08:56:55 WARNING Certificate mismatch: example.com
2023-11-28 08:57:30 INFO Audit log exported to S3
2023-11-28 08:58:05 ERROR Kernel panic: CPU 3
2023-11-28 08:58:40 INFO System reboot initiated
2023-11-28 08:59:15 WARNING RAID array degraded
2023-11-28 08:59:50 INFO Service restored after outage
2023-11-28 09:00:25 ERROR Payment gateway offline
2023-11-28 09:01:00 INFO New feature flag enabled: dark_mode
2023-11-28 09:01:35 WARNING Unencrypted traffic: port 21
2023-11-28 09:02:10 INFO User session migrated to new server
2023-11-28 09:02:45 ERROR Stack overflow in thread worker-7
2023-11-28 09:03:20 INFO Database restored from backup
2023-11-28 09:03:55 WARNING SSH brute force attempt blocked
2023-11-28 09:04:30 INFO New deployment: version 2.5.1
2023-11-28 09:05:05 ERROR Can't allocate shared memory
2023-11-28 09:05:40 INFO Cron job completed: cleanup
2023-11-28 09:06:15 WARNING High inbound traffic: 2.5Gbps
2023-11-28 09:06:50 INFO User agreement accepted: jack
2023-11-28 09:07:25 ERROR File corruption detected: index.db
2023-11-28 09:08:00 INFO Multi-factor authentication bypassed (admin)
2023-11-28 09:08:35 WARNING Database replica lag: 120s
2023-11-28 09:09:10 INFO Data anonymization completed
2023-11-28 09:09:45 ERROR Service discovery failed: consul
2023-11-28 09:10:20 INFO New organization created: TechCorp
2023-11-28 09:10:55 WARNING SSLv3 connection attempted
2023-11-28 09:11:30 INFO Load test started: 1000 users
2023-11-28 09:12:05 ERROR Out of memory: process java
2023-11-28 09:12:40 INFO Configuration backup created
2023-11-28 09:13:15 WARNING DNS amplification attempt blocked
2023-11-28 09:13:50 INFO Password policy updated
2023-11-28 09:14:25 ERROR Blockchain sync failed: height mismatch
2023-11-28 09:15:00 INFO VPN tunnel established
2023-11-28 09:15:35 WARNING Unpatched CVE-2023-12345 detected
2023-11-28 09:16:10 INFO Data export to CSV completed
2023-11-28 09:16:45 ERROR Invalid UTF-8 sequence in input
2023-11-28 09:17:20 INFO User role changed: admin → user
2023-11-28 09:17:55 WARNING High error rate in module auth
2023-11-28 09:18:30 IDLE System idle, no events
2023-11-28 09:19:05 INFO New device paired: iPhone12,1
2023-11-28 09:19:40 ERROR Transaction rollback: constraint violation
2023-11-28 09:20:15 WARNING API response time slow: 8.7s p95
2023-11-28 09:20:50 INFO Data integrity check passed
2023-11-28 09:21:25 DEBUG Entering function process_request()
2023-11-28 09:22:00 ERROR Redis cluster node down
2023-11-28 09:22:35 INFO GeoIP lookup: US → California
2023-11-28 09:23:10 WARNING Weak password hash detected: MD5
2023-11-28 09:23:45 INFO File checksum verified: OK
2023-11-28 09:24:20 ERROR GraphQL validation error
2023-11-28 09:24:55 WARNING CDN cache hit rate low: 34%
2023-11-28 09:25:30 INFO OAuth token refreshed
2023-11-28 09:26:05 ERROR Invalid SAML response
2023-11-28 09:26:40 INFO Push notification sent: 1542 devices
2023-11-28 09:27:15 WARNING XML parsing error: malformed
2023-11-28 09:27:50 INFO New locale added: fr_CA
2023-11-28 09:28:25 ERROR WebRTC handshake failed
2023-11-28 09:29:00 INFO User consent recorded: GDPR
2023-11-28 09:29:35 WARNING High packet loss: 12%
2023-11-28 09:30:10 INFO Data shredding completed
2023-11-28 09:30:45 ERROR Lambda function timeout
2023-11-28 09:31:20 INFO Mobile app updated to v4.2
2023-11-28 09:31:55 WARNING Suspicious user agent: sqlmap
2023-11-28 09:32:30 INFO Archive created: logs_2023-11.tar.gz
2023-11-28 09:33:05 ERROR Can't mount NFS share
2023-11-28 09:33:40 INFO Feature toggle updated
2023-11-28 09:34:15 WARNING HTTP/2 priority flood attack
2023-11-28 09:34:50 INFO Session recording started
2023-11-28 09:35:25 ERROR Database constraint: unique violation
2023-11-28 09:36:00 INFO Webhook delivered: 200 OK
2023-11-28 09:36:35 WARNING IMAP login failed 10 times
2023-11-28 09:37:10 INFO Data pipeline stage completed
2023-11-28 09:37:45 ERROR Message queue full: 10000 pending
2023-11-28 09:38:20 INFO Cloud formation updated
2023-11-28 09:38:55 WARNING TCP retransmission rate: 8%
2023-11-28 09:39:30 INFO New relic alert resolved
2023-11-28 09:40:05 ERROR JWT token expired
2023-11-28 09:40:40 INFO User survey completed: rating 4.5
2023-11-28 09:41:15 WARNING CORS violation blocked
2023-11-28 09:41:50 INFO Chaos experiment started
2023-11-28 09:42:25 ERROR Can't serialize object: circular ref
2023-11-28 09:43:00 INFO Load shedding activated
2023-11-28 09:43:35 WARNING DNS cache poisoning attempt
2023-11-28 09:44:10 INFO Canary deployment successful
2023-11-28 09:44:45 ERROR Graph database query timeout
2023-11-28 09:45:20 INFO AI model training started
2023-11-28 09:45:55 WARNING API version deprecated: v1
2023-11-28 09:46:30 INFO Zero-downtime migration done
2023-11-28 09:47:05 ERROR Thermal throttling activated
2023-11-28 09:47:40 INFO Data lake ingestion completed
2023-11-28 09:48:15 WARNING Heartbeat missed: service-b
2023-11-28 09:48:50 INFO New relic metric: p99 latency improved
2023-11-28 09:49:25 ERROR Blockchain fork detected
2023-11-28 09:50:00 INFO Infrastructure as code applied
2023-11-28 09:50:35 WARNING SQL injection attempt blocked
2023-11-28 09:51:10 INFO Dark launch completed
2023-11-28 09:51:45 ERROR Quantum random number generator failed
2023-11-28 09:52:20 INFO User feedback analyzed: positive
2023-11-28 09:52:55 WARNING BIOS update required
2023-11-28 09:53:30 INFO Compliance audit passed
2023-11-28 09:54:05 ERROR Microservice circuit breaker open
2023-11-28 09:54:40 INFO Blue-green deployment successful
2023-11-28 09:55:15 WARNING IPv6 connectivity issues
2023-11-28 09:55:50 INFO Data export to Snowflake done
2023-11-28 09:56:25 ERROR Kubernetes pod crash loop
2023-11-28 09:57:00 INFO AI anomaly detection enabled
2023-11-28 09:57:35 WARNING Spectre vulnerability detected
2023-11-28 09:58:10 INFO Blockchain smart contract deployed
2023-11-28 09:58:45 ERROR Satellite link unstable
2023-11-28 09:59:20 INFO Quantum encryption key rotated
2023-11-28 09:59:55 WARNING Ransomware signature detected
2023-11-28 10:00:00 INFO Daily report generated
